<html>
<head>
<title>TestNG:  Default test</title>
<link href="../testng.css" rel="stylesheet" type="text/css" />
<link href="../my-testng.css" rel="stylesheet" type="text/css" />

<style type="text/css">
.log { display: none;} 
.stack-trace { display: none;} 
</style>
<script type="text/javascript">
<!--
function flip(e) {
  current = e.style.display;
  if (current == 'block') {
    e.style.display = 'none';
    return 0;
  }
  else {
    e.style.display = 'block';
    return 1;
  }
}

function toggleBox(szDivId, elem, msg1, msg2)
{
  var res = -1;  if (document.getElementById) {
    res = flip(document.getElementById(szDivId));
  }
  else if (document.all) {
    // this is the way old msie versions work
    res = flip(document.all[szDivId]);
  }
  if(elem) {
    if(res == 0) elem.innerHTML = msg1; else elem.innerHTML = msg2;
  }

}

function toggleAllBoxes() {
  if (document.getElementsByTagName) {
    d = document.getElementsByTagName('div');
    for (i = 0; i < d.length; i++) {
      if (d[i].className == 'log') {
        flip(d[i]);
      }
    }
  }
}

// -->
</script>

</head>
<body>
<h2 align='center'>Default test</h2><table border='1' align="center">
<tr>
<td>Tests passed/Failed/Skipped:</td><td>0/3/0</td>
</tr><tr>
<td>Started on:</td><td>Fri Nov 28 20:49:56 PST 2025</td>
</tr>
<tr><td>Total time:</td><td>59 seconds (59137 ms)</td>
</tr><tr>
<td>Included groups:</td><td></td>
</tr><tr>
<td>Excluded groups:</td><td></td>
</tr>
</table><p/>
<small><i>(Hover the method name to see the test class name)</i></small><p/>
<table width='100%' border='1' class='invocation-failed'>
<tr><td colspan='4' align='center'><b>FAILED TESTS</b></td></tr>
<tr><td><b>Test method</b></td>
<td><b>Attribute(s)</b></td>
<td width="30%"><b>Exception</b></td>
<td width="10%"><b>Time (seconds)</b></td>
<td><b>Instance</b></td>
</tr>
<tr>
<td title='runnerfiles.Runfile.runScenario()'><b>runScenario</b><br>Test class: runnerfiles.Runfile<br>Test method: Runs Cucumber Scenarios<br>Parameters: "Login with valid credentials", "Login Functionality"</td>
<td><div><pre>java.lang.AssertionError: expected [My Account] but found [Account Login]
	at org.testng.Assert.fail(Assert.java:111)
	at org.testng.Assert.failNotEquals(Assert.java:1590)
	at org.testng.Assert.assertEqualsImpl(Assert.java:150)
	at org.testng.Assert.assertEquals(Assert.java:132)
	at org.testng.Assert.assertEquals(Assert.java:656)
	at org.testng.Assert.assertEquals(Assert.java:666)
	at stepDefinitionFiles.TC_002.user_should_be_logged_in_successfully(TC_002.java:50)
	at ✽.User should be logged in successfully(file:///C:/Users/Admin/eclipse-workspace/Penta/allfeatures/Login.feature:8)
</pre></div><a href='#' onClick='toggleBox("stack-trace13001549", this, "Click to show all stack frames", "Click to hide stack frames")'>Click to show all stack frames</a>
<div class='stack-trace' id='stack-trace13001549'><pre>java.lang.AssertionError: expected [My Account] but found [Account Login]
	at org.testng.Assert.fail(Assert.java:111)
	at org.testng.Assert.failNotEquals(Assert.java:1590)
	at org.testng.Assert.assertEqualsImpl(Assert.java:150)
	at org.testng.Assert.assertEquals(Assert.java:132)
	at org.testng.Assert.assertEquals(Assert.java:656)
	at org.testng.Assert.assertEquals(Assert.java:666)
	at stepDefinitionFiles.TC_002.user_should_be_logged_in_successfully(TC_002.java:50)
	at ✽.User should be logged in successfully(file:///C:/Users/Admin/eclipse-workspace/Penta/allfeatures/Login.feature:8)
</pre></div></td>
<td>14</td>
<td>runnerfiles.Runfile@65e98b1c</td></tr>
<tr>
<td title='runnerfiles.Runfile.runScenario()'><b>runScenario</b><br>Test class: runnerfiles.Runfile<br>Test method: Runs Cucumber Scenarios<br>Parameters: "Verify search functionality", "Search Functionality"</td>
<td><div><pre>java.lang.AssertionError: expected [Search - mac] but found [Search - samsung]
	at org.testng.Assert.fail(Assert.java:111)
	at org.testng.Assert.failNotEquals(Assert.java:1590)
	at org.testng.Assert.assertEqualsImpl(Assert.java:150)
	at org.testng.Assert.assertEquals(Assert.java:132)
	at org.testng.Assert.assertEquals(Assert.java:656)
	at org.testng.Assert.assertEquals(Assert.java:666)
	at stepDefinitionFiles.TC_003.user_should_see_the_searched_product_displayedd(TC_003.java:57)
	at ✽.User should see the searched product displayedd(file:///C:/Users/Admin/eclipse-workspace/Penta/allfeatures/Search.feature:10)
</pre></div><a href='#' onClick='toggleBox("stack-trace988402146", this, "Click to show all stack frames", "Click to hide stack frames")'>Click to show all stack frames</a>
<div class='stack-trace' id='stack-trace988402146'><pre>java.lang.AssertionError: expected [Search - mac] but found [Search - samsung]
	at org.testng.Assert.fail(Assert.java:111)
	at org.testng.Assert.failNotEquals(Assert.java:1590)
	at org.testng.Assert.assertEqualsImpl(Assert.java:150)
	at org.testng.Assert.assertEquals(Assert.java:132)
	at org.testng.Assert.assertEquals(Assert.java:656)
	at org.testng.Assert.assertEquals(Assert.java:666)
	at stepDefinitionFiles.TC_003.user_should_see_the_searched_product_displayedd(TC_003.java:57)
	at ✽.User should see the searched product displayedd(file:///C:/Users/Admin/eclipse-workspace/Penta/allfeatures/Search.feature:10)
</pre></div></td>
<td>24</td>
<td>runnerfiles.Runfile@65e98b1c</td></tr>
<tr>
<td title='runnerfiles.Runfile.runScenario()'><b>runScenario</b><br>Test class: runnerfiles.Runfile<br>Test method: Runs Cucumber Scenarios<br>Parameters: "To verify Registration functionality by enterung valid credentials", "Registration functionality"</td>
<td><div><pre>java.lang.AssertionError: expected [Your Account Has Been Created!] but found [Register Account]
	at org.testng.Assert.fail(Assert.java:111)
	at org.testng.Assert.failNotEquals(Assert.java:1590)
	at org.testng.Assert.assertEqualsImpl(Assert.java:150)
	at org.testng.Assert.assertEquals(Assert.java:132)
	at org.testng.Assert.assertEquals(Assert.java:656)
	at org.testng.Assert.assertEquals(Assert.java:666)
	at stepDefinitionFiles.TC_001.user_should_be_registered(TC_001.java:80)
	at ✽.User should be registered(file:///C:/Users/Admin/eclipse-workspace/Penta/allfeatures/Reg.feature:16)
</pre></div><a href='#' onClick='toggleBox("stack-trace77811359", this, "Click to show all stack frames", "Click to hide stack frames")'>Click to show all stack frames</a>
<div class='stack-trace' id='stack-trace77811359'><pre>java.lang.AssertionError: expected [Your Account Has Been Created!] but found [Register Account]
	at org.testng.Assert.fail(Assert.java:111)
	at org.testng.Assert.failNotEquals(Assert.java:1590)
	at org.testng.Assert.assertEqualsImpl(Assert.java:150)
	at org.testng.Assert.assertEquals(Assert.java:132)
	at org.testng.Assert.assertEquals(Assert.java:656)
	at org.testng.Assert.assertEquals(Assert.java:666)
	at stepDefinitionFiles.TC_001.user_should_be_registered(TC_001.java:80)
	at ✽.User should be registered(file:///C:/Users/Admin/eclipse-workspace/Penta/allfeatures/Reg.feature:16)
</pre></div></td>
<td>15</td>
<td>runnerfiles.Runfile@65e98b1c</td></tr>
</table><p>
</body>
</html>