<?xml version="1.0" encoding="UTF-8"?>
<!-- Generated by org.testng.reporters.JUnitReportReporter -->
<testsuite hostname="DESKTOP-BH6MRNU" failures="3" tests="3" name="runnerfiles.Runfile" time="54.828" errors="0" timestamp="2025-11-28T20:50:57 GMT-08:00" skipped="0">
  <testcase classname="runnerfiles.Runfile" name="runScenario" time="14.490">
    <failure message="expected [My Account] but found [Account Login]" type="java.lang.AssertionError">
      <![CDATA[java.lang.AssertionError: expected [My Account] but found [Account Login]
at org.testng.Assert.fail(Assert.java:111)
at org.testng.Assert.failNotEquals(Assert.java:1590)
at org.testng.Assert.assertEqualsImpl(Assert.java:150)
at org.testng.Assert.assertEquals(Assert.java:132)
at org.testng.Assert.assertEquals(Assert.java:656)
at org.testng.Assert.assertEquals(Assert.java:666)
at stepDefinitionFiles.TC_002.user_should_be_logged_in_successfully(TC_002.java:50)
at ✽.User should be logged in successfully(file:///C:/Users/Admin/eclipse-workspace/Penta/allfeatures/Login.feature:8)
]]>
    </failure>
  </testcase> <!-- runScenario -->
  <testcase classname="runnerfiles.Runfile" name="runScenario" time="24.964">
    <failure message="expected [Search - mac] but found [Search - samsung]" type="java.lang.AssertionError">
      <![CDATA[java.lang.AssertionError: expected [Search - mac] but found [Search - samsung]
at org.testng.Assert.fail(Assert.java:111)
at org.testng.Assert.failNotEquals(Assert.java:1590)
at org.testng.Assert.assertEqualsImpl(Assert.java:150)
at org.testng.Assert.assertEquals(Assert.java:132)
at org.testng.Assert.assertEquals(Assert.java:656)
at org.testng.Assert.assertEquals(Assert.java:666)
at stepDefinitionFiles.TC_003.user_should_see_the_searched_product_displayedd(TC_003.java:57)
at ✽.User should see the searched product displayedd(file:///C:/Users/Admin/eclipse-workspace/Penta/allfeatures/Search.feature:10)
]]>
    </failure>
  </testcase> <!-- runScenario -->
  <testcase classname="runnerfiles.Runfile" name="runScenario" time="15.374">
    <failure message="expected [Your Account Has Been Created!] but found [Register Account]" type="java.lang.AssertionError">
      <![CDATA[java.lang.AssertionError: expected [Your Account Has Been Created!] but found [Register Account]
at org.testng.Assert.fail(Assert.java:111)
at org.testng.Assert.failNotEquals(Assert.java:1590)
at org.testng.Assert.assertEqualsImpl(Assert.java:150)
at org.testng.Assert.assertEquals(Assert.java:132)
at org.testng.Assert.assertEquals(Assert.java:656)
at org.testng.Assert.assertEquals(Assert.java:666)
at stepDefinitionFiles.TC_001.user_should_be_registered(TC_001.java:80)
at ✽.User should be registered(file:///C:/Users/Admin/eclipse-workspace/Penta/allfeatures/Reg.feature:16)
]]>
    </failure>
  </testcase> <!-- runScenario -->
</testsuite> <!-- runnerfiles.Runfile -->
